BENCH
conn.total_changes after set del: 5
conn.total_changes after athlete del: 6
current_exercise: 1
moments
len moments: 97763
leave one out vaidation
athlete: 2
y_pred[0] = Elbows out, y_test[0] = Elbows out
y_pred[1] = Elbows out, y_test[1] = Elbows out
y_pred[2] = Elbows out, y_test[2] = Elbows out
y_pred[3] = Elbows out, y_test[3] = Elbows out
y_pred[4] = Elbows out, y_test[4] = Elbows out
y_pred[5] = Elbows out, y_test[5] = Elbows out
y_pred[6] = Elbows out, y_test[6] = Elbows out
y_pred[7] = Elbows out, y_test[7] = Elbows out
y_pred[8] = Elbows out, y_test[8] = Elbows out
y_pred[9] = Elbows out, y_test[9] = Elbows out
y_pred[10] = Elbows out, y_test[10] = Elbows out
y_pred[11] = Elbows out, y_test[11] = Elbows out
y_pred[12] = Elbows out, y_test[12] = Elbows out
y_pred[13] = Elbows out, y_test[13] = Elbows out
y_pred[14] = Elbows out, y_test[14] = Elbows out
y_pred[15] = Elbows out, y_test[15] = Elbows out
y_pred[16] = Elbows out, y_test[16] = Elbows out
y_pred[17] = Elbows out, y_test[17] = Elbows out
y_pred[18] = Elbows out, y_test[18] = Elbows out
y_pred[19] = Elbows out, y_test[19] = Elbows out
y_pred[20] = Elbows out, y_test[20] = Elbows out
y_pred[21] = Elbows out, y_test[21] = Elbows out
y_pred[22] = Elbows out, y_test[22] = Elbows out
y_pred[23] = Elbows out, y_test[23] = Elbows out
y_pred[24] = Elbows out, y_test[24] = Elbows out
y_pred[25] = Elbows out, y_test[25] = Elbows out
y_pred[26] = Elbows out, y_test[26] = Elbows out
y_pred[27] = Elbows out, y_test[27] = Elbows out
y_pred[28] = Elbows out, y_test[28] = Elbows out
athlete: 3
y_pred[0] = Elbows out, y_test[0] = Elbows out
y_pred[1] = Elbows out, y_test[1] = Elbows out
y_pred[2] = Elbows out, y_test[2] = Elbows out
y_pred[3] = Elbows out, y_test[3] = Elbows out
y_pred[4] = Elbows out, y_test[4] = Elbows out
y_pred[5] = Elbows out, y_test[5] = Elbows out
y_pred[6] = Elbows out, y_test[6] = Elbows out
y_pred[7] = Elbows out, y_test[7] = Elbows out
y_pred[8] = Elbows out, y_test[8] = Elbows out
y_pred[9] = Elbows out, y_test[9] = Elbows out
y_pred[10] = Elbows out, y_test[10] = Elbows out
y_pred[11] = Elbows out, y_test[11] = Elbows out
y_pred[12] = Bounce off of chest, y_test[12] = Elbows out
y_pred[13] = Bounce off of chest, y_test[13] = Elbows out
y_pred[14] = Bounce off of chest, y_test[14] = Elbows out
y_pred[15] = Bounce off of chest, y_test[15] = Elbows out
y_pred[16] = Bounce off of chest, y_test[16] = Elbows out
y_pred[17] = Bounce off of chest, y_test[17] = Elbows out
y_pred[18] = Bounce off of chest, y_test[18] = Elbows out
y_pred[19] = Bounce off of chest, y_test[19] = Elbows out
athlete: 4
y_pred[0] = Elbows out, y_test[0] = Correct
y_pred[1] = Elbows out, y_test[1] = Correct
y_pred[2] = Elbows out, y_test[2] = Correct
y_pred[3] = Elbows out, y_test[3] = Correct
y_pred[4] = Elbows out, y_test[4] = Correct
y_pred[5] = Elbows out, y_test[5] = Correct
y_pred[6] = Elbows out, y_test[6] = Correct
y_pred[7] = Elbows out, y_test[7] = Correct
y_pred[8] = Elbows out, y_test[8] = Correct
y_pred[9] = Elbows out, y_test[9] = Correct
y_pred[10] = Elbows out, y_test[10] = Correct
y_pred[11] = Elbows out, y_test[11] = Correct
y_pred[12] = Elbows out, y_test[12] = Correct
y_pred[13] = Elbows out, y_test[13] = Correct
y_pred[14] = Elbows out, y_test[14] = Correct
y_pred[15] = Elbows out, y_test[15] = Correct
y_pred[16] = Elbows out, y_test[16] = Correct
y_pred[17] = Elbows out, y_test[17] = Correct
y_pred[18] = Elbows out, y_test[18] = Correct
y_pred[19] = Elbows out, y_test[19] = Correct
y_pred[20] = Elbows out, y_test[20] = Correct
y_pred[21] = Elbows out, y_test[21] = Correct
y_pred[22] = Elbows out, y_test[22] = Correct
y_pred[23] = Elbows out, y_test[23] = Correct
athlete: 5
y_pred[0] = Elbows out, y_test[0] = Elbows out
y_pred[1] = Elbows out, y_test[1] = Elbows out
y_pred[2] = Elbows out, y_test[2] = Elbows out
y_pred[3] = Elbows out, y_test[3] = Elbows out
y_pred[4] = Elbows out, y_test[4] = Elbows out
y_pred[5] = Elbows out, y_test[5] = Elbows out
y_pred[6] = Elbows out, y_test[6] = Elbows out
y_pred[7] = Elbows out, y_test[7] = Elbows out
y_pred[8] = Elbows out, y_test[8] = Elbows out
y_pred[9] = Elbows out, y_test[9] = Elbows out
y_pred[10] = Elbows out, y_test[10] = Elbows out
y_pred[11] = Elbows out, y_test[11] = Elbows out
y_pred[12] = Elbows out, y_test[12] = Elbows out
y_pred[13] = Elbows out, y_test[13] = Elbows out
y_pred[14] = Elbows out, y_test[14] = Elbows out
y_pred[15] = Elbows out, y_test[15] = Elbows out
y_pred[16] = Elbows out, y_test[16] = Elbows out
athlete: 6
y_pred[0] = Elbows out, y_test[0] = Upper back not tight
y_pred[1] = Elbows out, y_test[1] = Upper back not tight
y_pred[2] = Elbows out, y_test[2] = Upper back not tight
y_pred[3] = Elbows out, y_test[3] = Upper back not tight
y_pred[4] = Elbows out, y_test[4] = Upper back not tight
y_pred[5] = Elbows out, y_test[5] = Upper back not tight
y_pred[6] = Elbows out, y_test[6] = Upper back not tight
y_pred[7] = Elbows out, y_test[7] = Upper back not tight
y_pred[8] = Elbows out, y_test[8] = Bounce off of chest
y_pred[9] = Elbows out, y_test[9] = Bounce off of chest
y_pred[10] = Elbows out, y_test[10] = Upper back not tight
y_pred[11] = Elbows out, y_test[11] = Upper back not tight
y_pred[12] = Elbows out, y_test[12] = Upper back not tight
y_pred[13] = Elbows out, y_test[13] = Upper back not tight
y_pred[14] = Elbows out, y_test[14] = Upper back not tight
y_pred[15] = Elbows out, y_test[15] = Upper back not tight
y_pred[16] = Elbows out, y_test[16] = Bounce off of chest
y_pred[17] = Elbows out, y_test[17] = Bounce off of chest
athlete: 7
y_pred[0] = Elbows out, y_test[0] = Elbows out
y_pred[1] = Elbows out, y_test[1] = Elbows out
y_pred[2] = Elbows out, y_test[2] = Correct
y_pred[3] = Elbows out, y_test[3] = Correct
y_pred[4] = Elbows out, y_test[4] = Correct
y_pred[5] = Elbows out, y_test[5] = Correct
y_pred[6] = Elbows out, y_test[6] = Bounce off of chest
y_pred[7] = Elbows out, y_test[7] = Bounce off of chest
y_pred[8] = Elbows out, y_test[8] = Correct
y_pred[9] = Elbows out, y_test[9] = Correct
y_pred[10] = Elbows out, y_test[10] = Correct
y_pred[11] = Elbows out, y_test[11] = Bounce off of chest
y_pred[12] = Elbows out, y_test[12] = Bounce off of chest
y_pred[13] = Elbows out, y_test[13] = Bounce off of chest
y_pred[14] = Elbows out, y_test[14] = Bounce off of chest
y_pred[15] = Elbows out, y_test[15] = Bounce off of chest
y_pred[16] = Elbows out, y_test[16] = Bounce off of chest
y_pred[17] = Elbows out, y_test[17] = Bounce off of chest
athlete: 8
y_pred[0] = Elbows out, y_test[0] = Elbows out
y_pred[1] = Elbows out, y_test[1] = Elbows out
y_pred[2] = Elbows out, y_test[2] = Elbows out
y_pred[3] = Elbows out, y_test[3] = Elbows out
athlete: 9
y_pred[0] = Elbows out, y_test[0] = Upper back not tight
y_pred[1] = Elbows out, y_test[1] = Upper back not tight
y_pred[2] = Elbows out, y_test[2] = Upper back not tight
y_pred[3] = Elbows out, y_test[3] = Upper back not tight
y_pred[4] = Elbows out, y_test[4] = Upper back not tight
athlete: 10
y_pred[0] = Elbows out, y_test[0] = Elbows out
y_pred[1] = Elbows out, y_test[1] = Elbows out
y_pred[2] = Elbows out, y_test[2] = Elbows out
y_pred[3] = Elbows out, y_test[3] = Elbows out
y_pred[4] = Elbows out, y_test[4] = Elbows out
y_pred[5] = Elbows out, y_test[5] = Elbows out
y_pred[6] = Elbows out, y_test[6] = Did not touch chest
y_pred[7] = Elbows out, y_test[7] = Did not touch chest
y_pred[8] = Elbows out, y_test[8] = Did not touch chest
y_pred[9] = Elbows out, y_test[9] = Did not touch chest
y_pred[10] = Elbows out, y_test[10] = Did not touch chest
y_pred[11] = Elbows out, y_test[11] = Did not touch chest
y_pred[12] = Elbows out, y_test[12] = Did not touch chest
y_pred[13] = Elbows out, y_test[13] = Elbows out
y_pred[14] = Elbows out, y_test[14] = Elbows out
y_pred[15] = Elbows out, y_test[15] = Elbows out
y_pred[16] = Elbows out, y_test[16] = Elbows out
y_pred[17] = Elbows out, y_test[17] = Elbows out
y_pred[18] = Elbows out, y_test[18] = Elbows out
y_pred[19] = Elbows out, y_test[19] = Elbows out
y_pred[20] = Elbows out, y_test[20] = Elbows out
y_pred[21] = Elbows out, y_test[21] = Elbows out
y_pred[22] = Elbows out, y_test[22] = Elbows out
athlete: 11
y_pred[0] = Elbows out, y_test[0] = Elbows out
y_pred[1] = Elbows out, y_test[1] = Elbows out
y_pred[2] = Elbows out, y_test[2] = Elbows out
y_pred[3] = Elbows out, y_test[3] = Elbows out
y_pred[4] = Elbows out, y_test[4] = Elbows out
y_pred[5] = Elbows out, y_test[5] = Elbows out
y_pred[6] = Elbows out, y_test[6] = Elbows out
y_pred[7] = Elbows out, y_test[7] = Elbows out
y_pred[8] = Elbows out, y_test[8] = Elbows out
y_pred[9] = Elbows out, y_test[9] = Elbows out
y_pred[10] = Elbows out, y_test[10] = Elbows out
y_pred[11] = Elbows out, y_test[11] = Elbows out
y_pred[12] = Elbows out, y_test[12] = Elbows out
y_pred[13] = Elbows out, y_test[13] = Elbows out
y_pred[14] = Elbows out, y_test[14] = Elbows out
y_pred[15] = Elbows out, y_test[15] = Elbows out
y_pred[16] = Elbows out, y_test[16] = Elbows out
y_pred[17] = Elbows out, y_test[17] = Elbows out
y_pred[18] = Elbows out, y_test[18] = Elbows out
y_pred[19] = Elbows out, y_test[19] = Elbows out
y_pred[20] = Elbows out, y_test[20] = Elbows out
y_pred[21] = Elbows out, y_test[21] = Elbows out
athlete: 12
y_pred[0] = Elbows out, y_test[0] = Elbows out
y_pred[1] = Elbows out, y_test[1] = Elbows out
y_pred[2] = Elbows out, y_test[2] = Elbows out
y_pred[3] = Elbows out, y_test[3] = Elbows out
y_pred[4] = Elbows out, y_test[4] = Elbows out
y_pred[5] = Elbows out, y_test[5] = Elbows out
y_pred[6] = Elbows out, y_test[6] = Elbows out
y_pred[7] = Elbows out, y_test[7] = Elbows out
y_pred[8] = Elbows out, y_test[8] = Elbows out
y_pred[9] = Elbows out, y_test[9] = Elbows out
y_pred[10] = Elbows out, y_test[10] = Elbows out
y_pred[11] = Elbows out, y_test[11] = Elbows out
y_pred[12] = Elbows out, y_test[12] = Elbows out
y_pred[13] = Elbows out, y_test[13] = Elbows out
y_pred[14] = Elbows out, y_test[14] = Elbows out
y_pred[15] = Elbows out, y_test[15] = Elbows out
y_pred[16] = Elbows out, y_test[16] = Elbows out
y_pred[17] = Elbows out, y_test[17] = Elbows out
y_pred[18] = Elbows out, y_test[18] = Elbows out
y_pred[19] = Elbows out, y_test[19] = Elbows out
athlete: 13
y_pred[0] = Elbows out, y_test[0] = Elbows out
y_pred[1] = Elbows out, y_test[1] = Elbows out
y_pred[2] = Elbows out, y_test[2] = Elbows out
y_pred[3] = Elbows out, y_test[3] = Elbows out
y_pred[4] = Elbows out, y_test[4] = Elbows out
y_pred[5] = Elbows out, y_test[5] = Elbows out
y_pred[6] = Elbows out, y_test[6] = Elbows out
y_pred[7] = Elbows out, y_test[7] = Elbows out
athlete: 14
y_pred[0] = Elbows out, y_test[0] = Correct
y_pred[1] = Elbows out, y_test[1] = Correct
y_pred[2] = Elbows out, y_test[2] = Correct
y_pred[3] = Elbows out, y_test[3] = Correct
y_pred[4] = Elbows out, y_test[4] = Correct
y_pred[5] = Elbows out, y_test[5] = Correct
y_pred[6] = Elbows out, y_test[6] = Correct
y_pred[7] = Elbows out, y_test[7] = Correct
y_pred[8] = Elbows out, y_test[8] = Correct
athlete: 15
y_pred[0] = Correct, y_test[0] = Elbows out
y_pred[1] = Correct, y_test[1] = Elbows out
y_pred[2] = Elbows out, y_test[2] = Elbows out
y_pred[3] = Elbows out, y_test[3] = Elbows out
y_pred[4] = Elbows out, y_test[4] = Elbows out
y_pred[5] = Correct, y_test[5] = Elbows out
y_pred[6] = Elbows out, y_test[6] = Elbows out
y_pred[7] = Elbows out, y_test[7] = Elbows out
y_pred[8] = Elbows out, y_test[8] = Elbows out
y_pred[9] = Elbows out, y_test[9] = Elbows out
y_pred[10] = Elbows out, y_test[10] = Elbows out
athlete: 16
y_pred[0] = Elbows out, y_test[0] = Elbows out
y_pred[1] = Elbows out, y_test[1] = Elbows out
y_pred[2] = Elbows out, y_test[2] = Elbows out
y_pred[3] = Elbows out, y_test[3] = Elbows out
athlete: 17
y_pred[0] = Elbows out, y_test[0] = Elbows out
y_pred[1] = Elbows out, y_test[1] = Elbows out
y_pred[2] = Elbows out, y_test[2] = Elbows out
y_pred[3] = Elbows out, y_test[3] = Elbows out
y_pred[4] = Elbows out, y_test[4] = Elbows out
y_pred[5] = Correct, y_test[5] = Elbows out
y_pred[6] = Correct, y_test[6] = Elbows out
y_pred[7] = Elbows out, y_test[7] = Elbows out
y_pred[8] = Elbows out, y_test[8] = Elbows out
y_pred[9] = Correct, y_test[9] = Elbows out
y_pred[10] = Correct, y_test[10] = Elbows out
y_pred[11] = Correct, y_test[11] = Elbows out
y_pred[12] = Correct, y_test[12] = Elbows out
y_pred[13] = Elbows out, y_test[13] = Elbows out
y_pred[14] = Correct, y_test[14] = Elbows out
y_pred[15] = Correct, y_test[15] = Elbows out
y_pred[16] = Correct, y_test[16] = Elbows out
y_pred[17] = Correct, y_test[17] = Elbows out
y_pred[18] = Correct, y_test[18] = Elbows out
y_pred[19] = Correct, y_test[19] = Elbows out
athlete: 18
y_pred[0] = Elbows out, y_test[0] = Elbows out
y_pred[1] = Elbows out, y_test[1] = Elbows out
y_pred[2] = Elbows out, y_test[2] = Elbows out
y_pred[3] = Elbows out, y_test[3] = Elbows out
y_pred[4] = Did not touch chest, y_test[4] = Elbows out
y_pred[5] = Did not touch chest, y_test[5] = Elbows out
y_pred[6] = Did not touch chest, y_test[6] = Elbows out
y_pred[7] = Correct, y_test[7] = Elbows out
y_pred[8] = Correct, y_test[8] = Elbows out
y_pred[9] = Correct, y_test[9] = Elbows out
y_pred[10] = Elbows out, y_test[10] = Elbows out
y_pred[11] = Correct, y_test[11] = Elbows out
y_pred[12] = Correct, y_test[12] = Elbows out
y_pred[13] = Correct, y_test[13] = Elbows out
athlete: 19
y_pred[0] = Elbows out, y_test[0] = Correct
y_pred[1] = Elbows out, y_test[1] = Correct
y_pred[2] = Elbows out, y_test[2] = Correct
y_pred[3] = Elbows out, y_test[3] = Correct
y_pred[4] = Elbows out, y_test[4] = Correct
y_pred[5] = Elbows out, y_test[5] = Correct
y_pred[6] = Elbows out, y_test[6] = Correct
y_pred[7] = Elbows out, y_test[7] = Correct
y_pred[8] = Elbows out, y_test[8] = Correct
y_pred[9] = Elbows out, y_test[9] = Correct
y_pred[10] = Elbows out, y_test[10] = Correct
y_pred[11] = Elbows out, y_test[11] = Correct
y_pred[12] = Elbows out, y_test[12] = Correct
athlete: 20
y_pred[0] = Elbows out, y_test[0] = Correct
y_pred[1] = Elbows out, y_test[1] = Correct
y_pred[2] = Elbows out, y_test[2] = Elbows out
y_pred[3] = Elbows out, y_test[3] = Elbows out
y_pred[4] = Elbows out, y_test[4] = Elbows out
y_pred[5] = Bounce off of chest, y_test[5] = Elbows out
y_pred[6] = Bounce off of chest, y_test[6] = Elbows out
y_pred[7] = Elbows out, y_test[7] = Elbows out
y_pred[8] = Elbows out, y_test[8] = Elbows out
y_pred[9] = Bounce off of chest, y_test[9] = Elbows out
y_pred[10] = Excessive lower back arch, y_test[10] = Elbows out
y_pred[11] = Elbows out, y_test[11] = Elbows out
y_pred[12] = Elbows out, y_test[12] = Elbows out
y_pred[13] = Elbows out, y_test[13] = Elbows out
y_pred[14] = Elbows out, y_test[14] = Elbows out
y_pred[15] = Elbows out, y_test[15] = Elbows out
athlete: 21
athlete: 22
y_pred[0] = Did not lock out, y_test[0] = Correct
y_pred[1] = Did not lock out, y_test[1] = Correct
y_pred[2] = Correct, y_test[2] = Correct
y_pred[3] = Did not lock out, y_test[3] = Correct
y_pred[4] = Did not lock out, y_test[4] = Correct
y_pred[5] = Did not lock out, y_test[5] = Correct
y_pred[6] = Did not lock out, y_test[6] = Correct
y_pred[7] = Correct, y_test[7] = Correct
y_pred[8] = Did not lock out, y_test[8] = Correct
y_pred[9] = Correct, y_test[9] = Correct
y_pred[10] = Did not lock out, y_test[10] = Correct
y_pred[11] = Did not lock out, y_test[11] = Bounce off of chest
y_pred[12] = Did not lock out, y_test[12] = Bounce off of chest
y_pred[13] = Did not lock out, y_test[13] = Bounce off of chest
y_pred[14] = Did not lock out, y_test[14] = Bounce off of chest
y_pred[15] = Correct, y_test[15] = Bounce off of chest
y_pred[16] = Did not lock out, y_test[16] = Bounce off of chest
y_pred[17] = Did not lock out, y_test[17] = Bounce off of chest
y_pred[18] = Did not lock out, y_test[18] = Bounce off of chest
y_pred[19] = Correct, y_test[19] = Bounce off of chest
y_pred[20] = Correct, y_test[20] = Bounce off of chest
athlete: 23
y_pred[0] = Elbows out, y_test[0] = Correct
y_pred[1] = Elbows out, y_test[1] = Correct
y_pred[2] = Elbows out, y_test[2] = Correct
y_pred[3] = Elbows out, y_test[3] = Correct
y_pred[4] = Elbows out, y_test[4] = Correct
y_pred[5] = Elbows out, y_test[5] = Correct
y_pred[6] = Elbows out, y_test[6] = Correct
y_pred[7] = Elbows out, y_test[7] = Correct
y_pred[8] = Elbows out, y_test[8] = Correct
y_pred[9] = Elbows out, y_test[9] = Correct
y_pred[10] = Elbows out, y_test[10] = Correct
y_pred[11] = Elbows out, y_test[11] = Correct
y_pred[12] = Elbows out, y_test[12] = Correct
y_pred[13] = Elbows out, y_test[13] = Elbows out
y_pred[14] = Elbows out, y_test[14] = Elbows out
y_pred[15] = Elbows out, y_test[15] = Elbows out
athlete: 24
y_pred[0] = Elbows out, y_test[0] = Did not lock out
y_pred[1] = Elbows out, y_test[1] = Did not lock out
y_pred[2] = Elbows out, y_test[2] = Did not lock out
y_pred[3] = Elbows out, y_test[3] = Did not lock out
y_pred[4] = Elbows out, y_test[4] = Correct
y_pred[5] = Elbows out, y_test[5] = Did not lock out
y_pred[6] = Elbows out, y_test[6] = Did not lock out
y_pred[7] = Elbows out, y_test[7] = Did not lock out
y_pred[8] = Elbows out, y_test[8] = Did not lock out
y_pred[9] = Elbows out, y_test[9] = Correct
y_pred[10] = Elbows out, y_test[10] = Did not lock out
y_pred[11] = Elbows out, y_test[11] = Did not lock out
y_pred[12] = Elbows out, y_test[12] = Did not lock out
y_pred[13] = Elbows out, y_test[13] = Did not lock out
y_pred[14] = Elbows out, y_test[14] = Correct
y_pred[15] = Elbows out, y_test[15] = Did not lock out
y_pred[16] = Elbows out, y_test[16] = Did not lock out
y_pred[17] = Elbows out, y_test[17] = Did not lock out
y_pred[18] = Elbows out, y_test[18] = Did not lock out
y_pred[19] = Elbows out, y_test[19] = Correct
athlete: 25
y_pred[0] = Elbows out, y_test[0] = Elbows out
y_pred[1] = Elbows out, y_test[1] = Elbows out
y_pred[2] = Elbows out, y_test[2] = Elbows out
y_pred[3] = Elbows out, y_test[3] = Elbows out
y_pred[4] = Elbows out, y_test[4] = Elbows out
y_pred[5] = Elbows out, y_test[5] = Elbows out
y_pred[6] = Elbows out, y_test[6] = Elbows out
y_pred[7] = Elbows out, y_test[7] = Elbows out
y_pred[8] = Elbows out, y_test[8] = Elbows out
y_pred[9] = Elbows out, y_test[9] = Elbows out
y_pred[10] = Elbows out, y_test[10] = Elbows out
y_pred[11] = Elbows out, y_test[11] = Elbows out
y_pred[12] = Elbows out, y_test[12] = Elbows out
y_pred[13] = Elbows out, y_test[13] = Elbows out
y_pred[14] = Elbows out, y_test[14] = Elbows out
y_pred[15] = Elbows out, y_test[15] = Elbows out
y_pred[16] = Elbows out, y_test[16] = Elbows out
y_pred[17] = Elbows out, y_test[17] = Elbows out
y_pred[18] = Elbows out, y_test[18] = Elbows out
y_pred[19] = Elbows out, y_test[19] = Elbows out
athlete: 26
y_pred[0] = Elbows out, y_test[0] = Elbows out
y_pred[1] = Elbows out, y_test[1] = Elbows out
y_pred[2] = Elbows out, y_test[2] = Elbows out
y_pred[3] = Elbows out, y_test[3] = Elbows out
y_pred[4] = Elbows out, y_test[4] = Elbows out
y_pred[5] = Elbows out, y_test[5] = Elbows out
y_pred[6] = Elbows out, y_test[6] = Elbows out
y_pred[7] = Elbows out, y_test[7] = Elbows out
y_pred[8] = Elbows out, y_test[8] = Elbows out
y_pred[9] = Elbows out, y_test[9] = Elbows out
y_pred[10] = Elbows out, y_test[10] = Elbows out
y_pred[11] = Elbows out, y_test[11] = Elbows out
y_pred[12] = Elbows out, y_test[12] = Elbows out
y_pred[13] = Elbows out, y_test[13] = Elbows out
y_pred[14] = Elbows out, y_test[14] = Elbows out
y_pred[15] = Elbows out, y_test[15] = Elbows out
y_pred[16] = Elbows out, y_test[16] = Elbows out
y_pred[17] = Elbows out, y_test[17] = Elbows out
y_pred[18] = Elbows out, y_test[18] = Elbows out
y_pred[19] = Elbows out, y_test[19] = Elbows out
athlete: 27
y_pred[0] = Excessive lower back arch, y_test[0] = Elbows out
y_pred[1] = Bounce off of chest, y_test[1] = Elbows out
y_pred[2] = Bounce off of chest, y_test[2] = Elbows out
y_pred[3] = Bounce off of chest, y_test[3] = Elbows out
y_pred[4] = Bounce off of chest, y_test[4] = Elbows out
y_pred[5] = Bounce off of chest, y_test[5] = Elbows out
y_pred[6] = Excessive lower back arch, y_test[6] = Bounce off of chest
y_pred[7] = Bounce off of chest, y_test[7] = Bounce off of chest
y_pred[8] = Bounce off of chest, y_test[8] = Bounce off of chest
y_pred[9] = Bounce off of chest, y_test[9] = Bounce off of chest
y_pred[10] = Excessive lower back arch, y_test[10] = Bounce off of chest
y_pred[11] = Bounce off of chest, y_test[11] = Bounce off of chest
y_pred[12] = Bounce off of chest, y_test[12] = Bounce off of chest
y_pred[13] = Bounce off of chest, y_test[13] = Bounce off of chest
y_pred[14] = Bounce off of chest, y_test[14] = Bounce off of chest
y_pred[15] = Excessive lower back arch, y_test[15] = Elbows out
y_pred[16] = Bounce off of chest, y_test[16] = Elbows out
y_pred[17] = Bounce off of chest, y_test[17] = Elbows out
y_pred[18] = Bounce off of chest, y_test[18] = Elbows out
y_pred[19] = Bounce off of chest, y_test[19] = Elbows out
y_pred[20] = Excessive lower back arch, y_test[20] = Elbows out
y_pred[21] = Bounce off of chest, y_test[21] = Elbows out
athlete: 28
athlete: 29
athlete: 30
athlete: 31
athlete: 32
y_pred[0] = Excessive lower back arch, y_test[0] = Bounce off of chest
y_pred[1] = Excessive lower back arch, y_test[1] = Bounce off of chest
y_pred[2] = Excessive lower back arch, y_test[2] = Bounce off of chest
y_pred[3] = Excessive lower back arch, y_test[3] = Bounce off of chest
y_pred[4] = Excessive lower back arch, y_test[4] = Bounce off of chest
athlete: 33
athlete: 34
athlete: 35
athlete: 36
athlete: 37
athlete: 38
athlete: 39
athlete: 40
athlete: 41
athlete: 42
athlete: 43
athlete: 44
y_pred[0] = Did not touch chest, y_test[0] = Excessive lower back arch
y_pred[1] = Did not touch chest, y_test[1] = Excessive lower back arch
y_pred[2] = Elbows out, y_test[2] = Excessive lower back arch
y_pred[3] = Did not touch chest, y_test[3] = Excessive lower back arch
y_pred[4] = Did not touch chest, y_test[4] = Excessive lower back arch
y_pred[5] = Elbows out, y_test[5] = Excessive lower back arch
y_pred[6] = Elbows out, y_test[6] = Excessive lower back arch
y_pred[7] = Did not touch chest, y_test[7] = Excessive lower back arch
y_pred[8] = Elbows out, y_test[8] = Excessive lower back arch
y_pred[9] = Did not touch chest, y_test[9] = Excessive lower back arch
y_pred[10] = Did not touch chest, y_test[10] = Excessive lower back arch
y_pred[11] = Did not touch chest, y_test[11] = Excessive lower back arch
y_pred[12] = Elbows out, y_test[12] = Excessive lower back arch
y_pred[13] = Elbows out, y_test[13] = Excessive lower back arch
athlete: 45
y_pred[0] = Did not touch chest, y_test[0] = Elbows out
y_pred[1] = Did not touch chest, y_test[1] = Elbows out
y_pred[2] = Did not touch chest, y_test[2] = Elbows out
y_pred[3] = Did not touch chest, y_test[3] = Elbows out
y_pred[4] = Did not touch chest, y_test[4] = Elbows out
y_pred[5] = Did not touch chest, y_test[5] = Elbows out
y_pred[6] = Upper back not tight, y_test[6] = Elbows out
y_pred[7] = Did not touch chest, y_test[7] = Elbows out
y_pred[8] = Did not touch chest, y_test[8] = Elbows out
y_pred[9] = Did not touch chest, y_test[9] = Elbows out
y_pred[10] = Did not touch chest, y_test[10] = Elbows out
y_pred[11] = Did not touch chest, y_test[11] = Elbows out
y_pred[12] = Upper back not tight, y_test[12] = Elbows out
y_pred[13] = Upper back not tight, y_test[13] = Elbows out
y_pred[14] = Upper back not tight, y_test[14] = Elbows out
y_pred[15] = Upper back not tight, y_test[15] = Elbows out
y_pred[16] = Upper back not tight, y_test[16] = Elbows out
y_pred[17] = Upper back not tight, y_test[17] = Elbows out
y_pred[18] = Upper back not tight, y_test[18] = Elbows out
y_pred[19] = Did not touch chest, y_test[19] = Elbows out
y_pred[20] = Upper back not tight, y_test[20] = Elbows out
athlete: 46
y_pred[0] = Upper back not tight, y_test[0] = Did not touch chest
y_pred[1] = Upper back not tight, y_test[1] = Did not touch chest
y_pred[2] = Upper back not tight, y_test[2] = Did not touch chest
y_pred[3] = Upper back not tight, y_test[3] = Did not touch chest
y_pred[4] = Upper back not tight, y_test[4] = Did not touch chest
y_pred[5] = Upper back not tight, y_test[5] = Did not touch chest
y_pred[6] = Upper back not tight, y_test[6] = Did not touch chest
y_pred[7] = Upper back not tight, y_test[7] = Did not touch chest
y_pred[8] = Upper back not tight, y_test[8] = Did not touch chest
y_pred[9] = Upper back not tight, y_test[9] = Did not touch chest
y_pred[10] = Upper back not tight, y_test[10] = Did not touch chest
y_pred[11] = Upper back not tight, y_test[11] = Did not touch chest
y_pred[12] = Upper back not tight, y_test[12] = Did not touch chest
y_pred[13] = Upper back not tight, y_test[13] = Did not touch chest
y_pred[14] = Upper back not tight, y_test[14] = Did not touch chest
y_pred[15] = Upper back not tight, y_test[15] = Did not touch chest
y_pred[16] = Upper back not tight, y_test[16] = Did not touch chest
y_pred[17] = Upper back not tight, y_test[17] = Did not touch chest
y_pred[18] = Upper back not tight, y_test[18] = Elbows out
y_pred[19] = Upper back not tight, y_test[19] = Elbows out
y_pred[20] = Upper back not tight, y_test[20] = Elbows out
y_pred[21] = Upper back not tight, y_test[21] = Elbows out
y_pred[22] = Upper back not tight, y_test[22] = Elbows out
y_pred[23] = Upper back not tight, y_test[23] = Elbows out
y_pred[24] = Upper back not tight, y_test[24] = Elbows out
y_pred[25] = Upper back not tight, y_test[25] = Elbows out
y_pred[26] = Upper back not tight, y_test[26] = Elbows out
y_pred[27] = Upper back not tight, y_test[27] = Elbows out
y_pred[28] = Upper back not tight, y_test[28] = Elbows out
y_pred[29] = Upper back not tight, y_test[29] = Elbows out
y_pred[30] = Upper back not tight, y_test[30] = Elbows out
y_pred[31] = Upper back not tight, y_test[31] = Elbows out
y_pred[32] = Upper back not tight, y_test[32] = Elbows out
y_pred[33] = Upper back not tight, y_test[33] = Elbows out
y_pred[34] = Upper back not tight, y_test[34] = Elbows out
y_pred[35] = Upper back not tight, y_test[35] = Elbows out
athlete: 47
athlete: 48
athlete: 49
[1.0,
 0.59999999999999998,
 0.0,
 1.0,
 0.0,
 0.1111111111111111,
 1.0,
 0.0,
 0.69565217391304346,
 1.0,
 1.0,
 1.0,
 0.0,
 0.72727272727272729,
 1.0,
 0.40000000000000002,
 0.35714285714285715,
 0.0,
 0.625,
 0.14285714285714285,
 0.1875,
 0.0,
 1.0,
 1.0,
 0.31818181818181818,
 0.0,
 0.0,
 0.0,
 0.0]
result_accuracy 0.453955787258
SQUAT
conn.total_changes after set del: 5
conn.total_changes after athlete del: 6
current_exercise: 2
moments
len moments: 119523
leave one out vaidation
athlete: 2
athlete: 3
athlete: 4
athlete: 5
athlete: 6
athlete: 7
athlete: 8
athlete: 9
athlete: 10
athlete: 11
athlete: 12
athlete: 13
athlete: 14
athlete: 15
athlete: 16
athlete: 17
athlete: 18
athlete: 19
athlete: 20
athlete: 21
y_pred[0] = Did not get to parallel, y_test[0] = Correct
y_pred[1] = Did not get to parallel, y_test[1] = Correct
y_pred[2] = Did not get to parallel, y_test[2] = Correct
y_pred[3] = Did not get to parallel, y_test[3] = Correct
y_pred[4] = Did not get to parallel, y_test[4] = Correct
y_pred[5] = Did not get to parallel, y_test[5] = Correct
y_pred[6] = Did not get to parallel, y_test[6] = Correct
y_pred[7] = Did not get to parallel, y_test[7] = Correct
y_pred[8] = Did not get to parallel, y_test[8] = Correct
y_pred[9] = Did not get to parallel, y_test[9] = Correct
y_pred[10] = Did not get to parallel, y_test[10] = Correct
y_pred[11] = Did not get to parallel, y_test[11] = Correct
y_pred[12] = Did not get to parallel, y_test[12] = Correct
y_pred[13] = Did not get to parallel, y_test[13] = Correct
y_pred[14] = Did not get to parallel, y_test[14] = Correct
y_pred[15] = Did not get to parallel, y_test[15] = Correct
y_pred[16] = Did not get to parallel, y_test[16] = Correct
y_pred[17] = Did not get to parallel, y_test[17] = Correct
y_pred[18] = Did not get to parallel, y_test[18] = Correct
y_pred[19] = Did not get to parallel, y_test[19] = Correct
y_pred[20] = Did not get to parallel, y_test[20] = Correct
y_pred[21] = Did not get to parallel, y_test[21] = Correct
y_pred[22] = Did not get to parallel, y_test[22] = Correct
athlete: 22
athlete: 23
athlete: 24
athlete: 25
athlete: 26
athlete: 27
athlete: 28
y_pred[0] = Correct, y_test[0] = Lower back round / butt wink
y_pred[1] = Did not get to parallel, y_test[1] = Lower back round / butt wink
y_pred[2] = Did not get to parallel, y_test[2] = Lower back round / butt wink
y_pred[3] = Did not get to parallel, y_test[3] = Lower back round / butt wink
y_pred[4] = Did not get to parallel, y_test[4] = Lower back round / butt wink
y_pred[5] = Did not get to parallel, y_test[5] = Lower back round / butt wink
y_pred[6] = Did not get to parallel, y_test[6] = Lower back round / butt wink
y_pred[7] = Did not get to parallel, y_test[7] = Lower back round / butt wink
y_pred[8] = Did not get to parallel, y_test[8] = Lower back round / butt wink
y_pred[9] = Did not get to parallel, y_test[9] = Lower back round / butt wink
y_pred[10] = Did not get to parallel, y_test[10] = Lower back round / butt wink
y_pred[11] = Did not get to parallel, y_test[11] = Lower back round / butt wink
y_pred[12] = Did not get to parallel, y_test[12] = Lower back round / butt wink
y_pred[13] = Did not get to parallel, y_test[13] = Lower back round / butt wink
y_pred[14] = Did not get to parallel, y_test[14] = Lower back round / butt wink
y_pred[15] = Did not get to parallel, y_test[15] = Lower back round / butt wink
y_pred[16] = Did not get to parallel, y_test[16] = Lower back round / butt wink
y_pred[17] = Lower back round / butt wink, y_test[17] = Lower back round / butt wink
y_pred[18] = Did not get to parallel, y_test[18] = Lower back round / butt wink
y_pred[19] = Did not get to parallel, y_test[19] = Lower back round / butt wink
y_pred[20] = Did not get to parallel, y_test[20] = Lower back round / butt wink
y_pred[21] = Did not get to parallel, y_test[21] = Lower back round / butt wink
y_pred[22] = Did not get to parallel, y_test[22] = Lower back round / butt wink
y_pred[23] = Did not get to parallel, y_test[23] = Lower back round / butt wink
y_pred[24] = Did not get to parallel, y_test[24] = Lower back round / butt wink
y_pred[25] = Did not get to parallel, y_test[25] = Lower back round / butt wink
y_pred[26] = Lower back round / butt wink, y_test[26] = Lower back round / butt wink
y_pred[27] = Did not get to parallel, y_test[27] = Lower back round / butt wink
y_pred[28] = Did not get to parallel, y_test[28] = Lower back round / butt wink
y_pred[29] = Did not get to parallel, y_test[29] = Lower back round / butt wink
y_pred[30] = Did not get to parallel, y_test[30] = Lower back round / butt wink
y_pred[31] = Did not get to parallel, y_test[31] = Lower back round / butt wink
y_pred[32] = Did not get to parallel, y_test[32] = Lower back round / butt wink
y_pred[33] = Did not get to parallel, y_test[33] = Lower back round / butt wink
y_pred[34] = Did not get to parallel, y_test[34] = Lower back round / butt wink
y_pred[35] = Did not get to parallel, y_test[35] = Lower back round / butt wink
y_pred[36] = Did not get to parallel, y_test[36] = Lower back round / butt wink
y_pred[37] = Did not get to parallel, y_test[37] = Lower back round / butt wink
y_pred[38] = Lower back round / butt wink, y_test[38] = Lower back round / butt wink
y_pred[39] = Did not get to parallel, y_test[39] = Lower back round / butt wink
y_pred[40] = Lower back round / butt wink, y_test[40] = Lower back round / butt wink
athlete: 29
y_pred[0] = Did not get to parallel, y_test[0] = Lower back round / butt wink
y_pred[1] = Did not get to parallel, y_test[1] = Lower back round / butt wink
y_pred[2] = Did not get to parallel, y_test[2] = Lower back round / butt wink
y_pred[3] = Did not get to parallel, y_test[3] = Lower back round / butt wink
y_pred[4] = Did not get to parallel, y_test[4] = Lower back round / butt wink
y_pred[5] = Did not get to parallel, y_test[5] = Lower back round / butt wink
y_pred[6] = Lower back round / butt wink, y_test[6] = Lower back round / butt wink
y_pred[7] = Lower back round / butt wink, y_test[7] = Lower back round / butt wink
y_pred[8] = Lower back round / butt wink, y_test[8] = Lower back round / butt wink
y_pred[9] = Lower back round / butt wink, y_test[9] = Lower back round / butt wink
y_pred[10] = Lower back round / butt wink, y_test[10] = Lower back round / butt wink
y_pred[11] = Did not get to parallel, y_test[11] = Lower back round / butt wink
y_pred[12] = Did not get to parallel, y_test[12] = Lower back round / butt wink
y_pred[13] = Did not get to parallel, y_test[13] = Lower back round / butt wink
y_pred[14] = Did not get to parallel, y_test[14] = Lower back round / butt wink
y_pred[15] = Did not get to parallel, y_test[15] = Lower back round / butt wink
y_pred[16] = Did not get to parallel, y_test[16] = Lower back round / butt wink
y_pred[17] = Did not get to parallel, y_test[17] = Lower back round / butt wink
y_pred[18] = Did not get to parallel, y_test[18] = Lower back round / butt wink
y_pred[19] = Did not get to parallel, y_test[19] = Lower back round / butt wink
y_pred[20] = Did not get to parallel, y_test[20] = Lower back round / butt wink
y_pred[21] = Did not get to parallel, y_test[21] = Lower back round / butt wink
y_pred[22] = Did not get to parallel, y_test[22] = Lower back round / butt wink
y_pred[23] = Did not get to parallel, y_test[23] = Lower back round / butt wink
y_pred[24] = Did not get to parallel, y_test[24] = Lower back round / butt wink
y_pred[25] = Did not get to parallel, y_test[25] = Lower back round / butt wink
y_pred[26] = Did not get to parallel, y_test[26] = Lower back round / butt wink
y_pred[27] = Did not get to parallel, y_test[27] = Lower back round / butt wink
y_pred[28] = Did not get to parallel, y_test[28] = Lower back round / butt wink
y_pred[29] = Did not get to parallel, y_test[29] = Lower back round / butt wink
y_pred[30] = Did not get to parallel, y_test[30] = Lower back round / butt wink
athlete: 30
y_pred[0] = Did not get to parallel, y_test[0] = Lower back round / butt wink
y_pred[1] = Did not get to parallel, y_test[1] = Lower back round / butt wink
y_pred[2] = Did not get to parallel, y_test[2] = Lower back round / butt wink
y_pred[3] = Did not get to parallel, y_test[3] = Lower back round / butt wink
y_pred[4] = Did not get to parallel, y_test[4] = Lower back round / butt wink
y_pred[5] = Did not get to parallel, y_test[5] = Lower back round / butt wink
y_pred[6] = Did not get to parallel, y_test[6] = Lower back round / butt wink
y_pred[7] = Did not get to parallel, y_test[7] = Lower back round / butt wink
y_pred[8] = Did not get to parallel, y_test[8] = Lower back round / butt wink
y_pred[9] = Did not get to parallel, y_test[9] = Lower back round / butt wink
y_pred[10] = Did not get to parallel, y_test[10] = Lower back round / butt wink
y_pred[11] = Did not get to parallel, y_test[11] = Lower back round / butt wink
y_pred[12] = Did not get to parallel, y_test[12] = Lower back round / butt wink
y_pred[13] = Did not get to parallel, y_test[13] = Lower back round / butt wink
y_pred[14] = Did not get to parallel, y_test[14] = Lower back round / butt wink
y_pred[15] = Did not get to parallel, y_test[15] = Lower back round / butt wink
y_pred[16] = Did not get to parallel, y_test[16] = Lower back round / butt wink
y_pred[17] = Did not get to parallel, y_test[17] = Lower back round / butt wink
y_pred[18] = Did not get to parallel, y_test[18] = Lower back round / butt wink
y_pred[19] = Did not get to parallel, y_test[19] = Lower back round / butt wink
y_pred[20] = Did not get to parallel, y_test[20] = Lower back round / butt wink
athlete: 31
y_pred[0] = Did not get to parallel, y_test[0] = Did not get to parallel
y_pred[1] = Did not get to parallel, y_test[1] = Did not get to parallel
y_pred[2] = Did not get to parallel, y_test[2] = Did not get to parallel
y_pred[3] = Did not get to parallel, y_test[3] = Did not get to parallel
y_pred[4] = Did not get to parallel, y_test[4] = Did not get to parallel
y_pred[5] = Did not get to parallel, y_test[5] = Did not get to parallel
y_pred[6] = Did not get to parallel, y_test[6] = Did not get to parallel
y_pred[7] = Did not get to parallel, y_test[7] = Did not get to parallel
y_pred[8] = Did not get to parallel, y_test[8] = Did not get to parallel
y_pred[9] = Did not get to parallel, y_test[9] = Did not get to parallel
y_pred[10] = Did not get to parallel, y_test[10] = Did not get to parallel
y_pred[11] = Did not get to parallel, y_test[11] = Did not get to parallel
y_pred[12] = Did not get to parallel, y_test[12] = Did not get to parallel
y_pred[13] = Did not get to parallel, y_test[13] = Did not get to parallel
y_pred[14] = Did not get to parallel, y_test[14] = Did not get to parallel
y_pred[15] = Did not get to parallel, y_test[15] = Did not get to parallel
y_pred[16] = Did not get to parallel, y_test[16] = Did not get to parallel
y_pred[17] = Did not get to parallel, y_test[17] = Did not get to parallel
y_pred[18] = Did not get to parallel, y_test[18] = Did not get to parallel
y_pred[19] = Did not get to parallel, y_test[19] = Did not get to parallel
y_pred[20] = Did not get to parallel, y_test[20] = Did not get to parallel
y_pred[21] = Did not get to parallel, y_test[21] = Did not get to parallel
y_pred[22] = Did not get to parallel, y_test[22] = Did not get to parallel
y_pred[23] = Did not get to parallel, y_test[23] = Did not get to parallel
y_pred[24] = Did not get to parallel, y_test[24] = Did not get to parallel
y_pred[25] = Did not get to parallel, y_test[25] = Did not get to parallel
y_pred[26] = Did not get to parallel, y_test[26] = Did not get to parallel
y_pred[27] = Did not get to parallel, y_test[27] = Did not get to parallel
y_pred[28] = Did not get to parallel, y_test[28] = Did not get to parallel
y_pred[29] = Did not get to parallel, y_test[29] = Did not get to parallel
y_pred[30] = Did not get to parallel, y_test[30] = Did not get to parallel
y_pred[31] = Did not get to parallel, y_test[31] = Did not get to parallel
y_pred[32] = Did not get to parallel, y_test[32] = Did not get to parallel
y_pred[33] = Did not get to parallel, y_test[33] = Did not get to parallel
y_pred[34] = Did not get to parallel, y_test[34] = Did not get to parallel
y_pred[35] = Did not get to parallel, y_test[35] = Did not get to parallel
y_pred[36] = Did not get to parallel, y_test[36] = Did not get to parallel
y_pred[37] = Did not get to parallel, y_test[37] = Did not get to parallel
y_pred[38] = Did not get to parallel, y_test[38] = Did not get to parallel
y_pred[39] = Did not get to parallel, y_test[39] = Did not get to parallel
y_pred[40] = Did not get to parallel, y_test[40] = Did not get to parallel
y_pred[41] = Correct, y_test[41] = Did not get to parallel
y_pred[42] = Did not get to parallel, y_test[42] = Did not get to parallel
y_pred[43] = Did not get to parallel, y_test[43] = Did not get to parallel
y_pred[44] = Did not get to parallel, y_test[44] = Did not get to parallel
y_pred[45] = Did not get to parallel, y_test[45] = Did not get to parallel
y_pred[46] = Did not get to parallel, y_test[46] = Did not get to parallel
y_pred[47] = Did not get to parallel, y_test[47] = Did not get to parallel
y_pred[48] = Did not get to parallel, y_test[48] = Did not get to parallel
y_pred[49] = Did not get to parallel, y_test[49] = Did not get to parallel
y_pred[50] = Did not get to parallel, y_test[50] = Did not get to parallel
athlete: 32
athlete: 33
y_pred[0] = Knees not spread out, y_test[0] = Did not get to parallel
y_pred[1] = Did not get to parallel, y_test[1] = Did not get to parallel
y_pred[2] = Did not get to parallel, y_test[2] = Did not get to parallel
y_pred[3] = Did not get to parallel, y_test[3] = Did not get to parallel
y_pred[4] = Did not get to parallel, y_test[4] = Did not get to parallel
y_pred[5] = Did not get to parallel, y_test[5] = Did not get to parallel
y_pred[6] = Did not get to parallel, y_test[6] = Did not get to parallel
y_pred[7] = Did not get to parallel, y_test[7] = Did not get to parallel
y_pred[8] = Did not get to parallel, y_test[8] = Did not get to parallel
y_pred[9] = Did not get to parallel, y_test[9] = Did not get to parallel
y_pred[10] = Did not get to parallel, y_test[10] = Did not get to parallel
y_pred[11] = Did not get to parallel, y_test[11] = Did not get to parallel
y_pred[12] = Correct, y_test[12] = Did not get to parallel
y_pred[13] = Correct, y_test[13] = Did not get to parallel
y_pred[14] = Correct, y_test[14] = Did not get to parallel
y_pred[15] = Correct, y_test[15] = Did not get to parallel
y_pred[16] = Correct, y_test[16] = Did not get to parallel
y_pred[17] = Correct, y_test[17] = Did not get to parallel
y_pred[18] = Correct, y_test[18] = Did not get to parallel
y_pred[19] = Correct, y_test[19] = Did not get to parallel
y_pred[20] = Correct, y_test[20] = Did not get to parallel
y_pred[21] = Correct, y_test[21] = Did not get to parallel
y_pred[22] = Correct, y_test[22] = Did not get to parallel
y_pred[23] = Correct, y_test[23] = Did not get to parallel
y_pred[24] = Did not get to parallel, y_test[24] = Did not get to parallel
y_pred[25] = Did not get to parallel, y_test[25] = Did not get to parallel
y_pred[26] = Did not get to parallel, y_test[26] = Did not get to parallel
y_pred[27] = Did not get to parallel, y_test[27] = Did not get to parallel
y_pred[28] = Did not get to parallel, y_test[28] = Did not get to parallel
y_pred[29] = Did not get to parallel, y_test[29] = Did not get to parallel
y_pred[30] = Did not get to parallel, y_test[30] = Did not get to parallel
y_pred[31] = Correct, y_test[31] = Did not get to parallel
y_pred[32] = Correct, y_test[32] = Did not get to parallel
y_pred[33] = Correct, y_test[33] = Did not get to parallel
y_pred[34] = Correct, y_test[34] = Did not get to parallel
y_pred[35] = Correct, y_test[35] = Did not get to parallel
athlete: 34
y_pred[0] = Did not get to parallel, y_test[0] = Did not get to parallel
y_pred[1] = Did not get to parallel, y_test[1] = Did not get to parallel
y_pred[2] = Did not get to parallel, y_test[2] = Did not get to parallel
y_pred[3] = Did not get to parallel, y_test[3] = Did not get to parallel
y_pred[4] = Did not get to parallel, y_test[4] = Did not get to parallel
y_pred[5] = Did not get to parallel, y_test[5] = Did not get to parallel
y_pred[6] = Did not get to parallel, y_test[6] = Did not get to parallel
y_pred[7] = Did not get to parallel, y_test[7] = Did not get to parallel
y_pred[8] = Did not get to parallel, y_test[8] = Did not get to parallel
y_pred[9] = Did not get to parallel, y_test[9] = Did not get to parallel
y_pred[10] = Did not get to parallel, y_test[10] = Did not get to parallel
y_pred[11] = Did not get to parallel, y_test[11] = Did not get to parallel
y_pred[12] = Did not get to parallel, y_test[12] = Did not get to parallel
y_pred[13] = Did not get to parallel, y_test[13] = Did not get to parallel
y_pred[14] = Did not get to parallel, y_test[14] = Did not get to parallel
y_pred[15] = Did not get to parallel, y_test[15] = Did not get to parallel
athlete: 35
y_pred[0] = Correct, y_test[0] = Correct
y_pred[1] = Correct, y_test[1] = Correct
y_pred[2] = Did not get to parallel, y_test[2] = Correct
y_pred[3] = Did not get to parallel, y_test[3] = Correct
y_pred[4] = Correct, y_test[4] = Correct
y_pred[5] = Correct, y_test[5] = Correct
y_pred[6] = Correct, y_test[6] = Correct
y_pred[7] = Correct, y_test[7] = Correct
y_pred[8] = Correct, y_test[8] = Correct
y_pred[9] = Correct, y_test[9] = Correct
y_pred[10] = Knees not spread out, y_test[10] = Did not get to parallel
y_pred[11] = Knees not spread out, y_test[11] = Did not get to parallel
y_pred[12] = Knees not spread out, y_test[12] = Did not get to parallel
y_pred[13] = Knees not spread out, y_test[13] = Did not get to parallel
y_pred[14] = Knees not spread out, y_test[14] = Did not get to parallel
y_pred[15] = Knees not spread out, y_test[15] = Did not get to parallel
y_pred[16] = Knees not spread out, y_test[16] = Did not get to parallel
y_pred[17] = Knees not spread out, y_test[17] = Did not get to parallel
y_pred[18] = Knees not spread out, y_test[18] = Did not get to parallel
y_pred[19] = Knees not spread out, y_test[19] = Did not get to parallel
y_pred[20] = Correct, y_test[20] = Did not get to parallel
y_pred[21] = Correct, y_test[21] = Did not get to parallel
y_pred[22] = Correct, y_test[22] = Did not get to parallel
y_pred[23] = Correct, y_test[23] = Did not get to parallel
y_pred[24] = Knees not spread out, y_test[24] = Did not get to parallel
y_pred[25] = Knees not spread out, y_test[25] = Did not get to parallel
y_pred[26] = Knees not spread out, y_test[26] = Did not get to parallel
y_pred[27] = Knees not spread out, y_test[27] = Did not get to parallel
y_pred[28] = Knees not spread out, y_test[28] = Did not get to parallel
y_pred[29] = Knees not spread out, y_test[29] = Did not get to parallel
athlete: 36
y_pred[0] = Correct, y_test[0] = Did not get to parallel
y_pred[1] = Correct, y_test[1] = Did not get to parallel
y_pred[2] = Correct, y_test[2] = Did not get to parallel
y_pred[3] = Correct, y_test[3] = Did not get to parallel
y_pred[4] = Correct, y_test[4] = Did not get to parallel
y_pred[5] = Correct, y_test[5] = Did not get to parallel
athlete: 37
y_pred[0] = Correct, y_test[0] = Knees not spread out
y_pred[1] = Correct, y_test[1] = Knees not spread out
y_pred[2] = Correct, y_test[2] = Knees not spread out
y_pred[3] = Correct, y_test[3] = Knees not spread out
y_pred[4] = Correct, y_test[4] = Knees not spread out
y_pred[5] = Correct, y_test[5] = Knees not spread out
y_pred[6] = Correct, y_test[6] = Knees not spread out
y_pred[7] = Correct, y_test[7] = Knees not spread out
y_pred[8] = Correct, y_test[8] = Knees not spread out
y_pred[9] = Correct, y_test[9] = Knees not spread out
y_pred[10] = Correct, y_test[10] = Knees not spread out
y_pred[11] = Correct, y_test[11] = Knees not spread out
y_pred[12] = Correct, y_test[12] = Knees not spread out
y_pred[13] = Correct, y_test[13] = Knees not spread out
y_pred[14] = Correct, y_test[14] = Knees not spread out
y_pred[15] = Did not get to parallel, y_test[15] = Knees not spread out
y_pred[16] = Did not get to parallel, y_test[16] = Knees not spread out
y_pred[17] = Did not get to parallel, y_test[17] = Knees not spread out
y_pred[18] = Correct, y_test[18] = Knees not spread out
y_pred[19] = Correct, y_test[19] = Knees not spread out
y_pred[20] = Correct, y_test[20] = Knees not spread out
athlete: 38
y_pred[0] = Heels coming up off of the ground, y_test[0] = Correct
y_pred[1] = Heels coming up off of the ground, y_test[1] = Correct
y_pred[2] = Did not get to parallel, y_test[2] = Correct
y_pred[3] = Did not get to parallel, y_test[3] = Correct
y_pred[4] = Did not get to parallel, y_test[4] = Correct
y_pred[5] = Did not get to parallel, y_test[5] = Correct
y_pred[6] = Did not get to parallel, y_test[6] = Correct
y_pred[7] = Correct, y_test[7] = Correct
y_pred[8] = Correct, y_test[8] = Correct
y_pred[9] = Correct, y_test[9] = Correct
y_pred[10] = Did not get to parallel, y_test[10] = Correct
y_pred[11] = Correct, y_test[11] = Correct
y_pred[12] = Correct, y_test[12] = Correct
y_pred[13] = Correct, y_test[13] = Correct
y_pred[14] = Correct, y_test[14] = Correct
y_pred[15] = Correct, y_test[15] = Correct
y_pred[16] = Correct, y_test[16] = Correct
y_pred[17] = Did not get to parallel, y_test[17] = Correct
y_pred[18] = Correct, y_test[18] = Correct
y_pred[19] = Correct, y_test[19] = Correct
y_pred[20] = Correct, y_test[20] = Correct
y_pred[21] = Correct, y_test[21] = Correct
y_pred[22] = Correct, y_test[22] = Correct
y_pred[23] = Correct, y_test[23] = Correct
y_pred[24] = Correct, y_test[24] = Correct
y_pred[25] = Correct, y_test[25] = Correct
athlete: 39
y_pred[0] = Correct, y_test[0] = Did not get to parallel
y_pred[1] = Correct, y_test[1] = Did not get to parallel
y_pred[2] = Correct, y_test[2] = Did not get to parallel
y_pred[3] = Correct, y_test[3] = Did not get to parallel
y_pred[4] = Correct, y_test[4] = Did not get to parallel
y_pred[5] = Correct, y_test[5] = Did not get to parallel
athlete: 40
y_pred[0] = Did not get to parallel, y_test[0] = Heels coming up off of the ground
y_pred[1] = Did not get to parallel, y_test[1] = Heels coming up off of the ground
y_pred[2] = Did not get to parallel, y_test[2] = Heels coming up off of the ground
y_pred[3] = Did not get to parallel, y_test[3] = Heels coming up off of the ground
y_pred[4] = Did not get to parallel, y_test[4] = Heels coming up off of the ground
y_pred[5] = Did not get to parallel, y_test[5] = Heels coming up off of the ground
y_pred[6] = Did not get to parallel, y_test[6] = Heels coming up off of the ground
y_pred[7] = Did not get to parallel, y_test[7] = Heels coming up off of the ground
y_pred[8] = Did not get to parallel, y_test[8] = Heels coming up off of the ground
y_pred[9] = Did not get to parallel, y_test[9] = Heels coming up off of the ground
athlete: 41
y_pred[0] = Did not get to parallel, y_test[0] = Correct
y_pred[1] = Correct, y_test[1] = Correct
y_pred[2] = Correct, y_test[2] = Correct
y_pred[3] = Correct, y_test[3] = Correct
y_pred[4] = Correct, y_test[4] = Correct
y_pred[5] = Correct, y_test[5] = Correct
y_pred[6] = Correct, y_test[6] = Correct
y_pred[7] = Correct, y_test[7] = Correct
y_pred[8] = Correct, y_test[8] = Correct
y_pred[9] = Correct, y_test[9] = Correct
y_pred[10] = Correct, y_test[10] = Correct
y_pred[11] = Correct, y_test[11] = Correct
y_pred[12] = Correct, y_test[12] = Correct
y_pred[13] = Correct, y_test[13] = Correct
athlete: 42
athlete: 43
y_pred[0] = Correct, y_test[0] = Did not get to parallel
y_pred[1] = Correct, y_test[1] = Did not get to parallel
y_pred[2] = Correct, y_test[2] = Did not get to parallel
y_pred[3] = Correct, y_test[3] = Did not get to parallel
y_pred[4] = Correct, y_test[4] = Did not get to parallel
y_pred[5] = Correct, y_test[5] = Did not get to parallel
y_pred[6] = Correct, y_test[6] = Did not get to parallel
y_pred[7] = Correct, y_test[7] = Did not get to parallel
y_pred[8] = Correct, y_test[8] = Did not get to parallel
y_pred[9] = Correct, y_test[9] = Did not get to parallel
y_pred[10] = Correct, y_test[10] = Did not get to parallel
y_pred[11] = Correct, y_test[11] = Did not get to parallel
y_pred[12] = Correct, y_test[12] = Did not get to parallel
y_pred[13] = Correct, y_test[13] = Did not get to parallel
y_pred[14] = Correct, y_test[14] = Did not get to parallel
y_pred[15] = Correct, y_test[15] = Did not get to parallel
y_pred[16] = Correct, y_test[16] = Did not get to parallel
y_pred[17] = Correct, y_test[17] = Did not get to parallel
y_pred[18] = Correct, y_test[18] = Did not get to parallel
y_pred[19] = Correct, y_test[19] = Did not get to parallel
y_pred[20] = Correct, y_test[20] = Did not get to parallel
y_pred[21] = Correct, y_test[21] = Did not get to parallel
y_pred[22] = Correct, y_test[22] = Did not get to parallel
y_pred[23] = Correct, y_test[23] = Did not get to parallel
y_pred[24] = Correct, y_test[24] = Did not get to parallel
athlete: 44
athlete: 45
athlete: 46
athlete: 47
athlete: 48
athlete: 49
[0.0,
 0.097560975609756101,
 0.16129032258064516,
 0.0,
 0.98039215686274506,
 0.5,
 1.0,
 0.26666666666666666,
 0.0,
 0.0,
 0.65384615384615385,
 0.0,
 0.0,
 0.9285714285714286,
 0.0]
result_accuracy 0.305888513609
